{
  "numFailedTestSuites": 1,
  "numFailedTests": 5,
  "numPassedTestSuites": 13,
  "numPassedTests": 88,
  "numPendingTestSuites": 0,
  "numPendingTests": 0,
  "numRuntimeErrorTestSuites": 0,
  "numTodoTests": 0,
  "numTotalTestSuites": 14,
  "numTotalTests": 93,
  "openHandles": [],
  "snapshot": {
    "added": 0,
    "didUpdate": false,
    "failure": false,
    "filesAdded": 0,
    "filesRemoved": 0,
    "filesRemovedList": [],
    "filesUnmatched": 0,
    "filesUpdated": 0,
    "matched": 0,
    "total": 0,
    "unchecked": 0,
    "uncheckedKeysByFile": [],
    "unmatched": 0,
    "updated": 0
  },
  "startTime": 1757952624481,
  "success": false,
  "testResults": [
    {
      "assertionResults": [
        {
          "ancestorTitles": ["Configuration", "port configuration"],
          "duration": 26,
          "failing": false,
          "failureDetails": [],
          "failureMessages": [],
          "fullName": "Configuration port configuration should use default port 3000 when PORT is not set",
          "invocations": 1,
          "location": null,
          "numPassingAsserts": 1,
          "retryReasons": [],
          "startAt": 1757952635338,
          "status": "passed",
          "title": "should use default port 3000 when PORT is not set"
        },
        {
          "ancestorTitles": ["Configuration", "port configuration"],
          "duration": 4,
          "failing": false,
          "failureDetails": [],
          "failureMessages": [],
          "fullName": "Configuration port configuration should use PORT environment variable when set",
          "invocations": 1,
          "location": null,
          "numPassingAsserts": 1,
          "retryReasons": [],
          "startAt": 1757952635367,
          "status": "passed",
          "title": "should use PORT environment variable when set"
        },
        {
          "ancestorTitles": ["Configuration", "port configuration"],
          "duration": 5,
          "failing": false,
          "failureDetails": [],
          "failureMessages": [],
          "fullName": "Configuration port configuration should handle string PORT environment variable",
          "invocations": 1,
          "location": null,
          "numPassingAsserts": 2,
          "retryReasons": [],
          "startAt": 1757952635372,
          "status": "passed",
          "title": "should handle string PORT environment variable"
        },
        {
          "ancestorTitles": ["Configuration", "port configuration"],
          "duration": 4,
          "failing": false,
          "failureDetails": [],
          "failureMessages": [],
          "fullName": "Configuration port configuration should handle invalid PORT environment variable",
          "invocations": 1,
          "location": null,
          "numPassingAsserts": 1,
          "retryReasons": [],
          "startAt": 1757952635377,
          "status": "passed",
          "title": "should handle invalid PORT environment variable"
        },
        {
          "ancestorTitles": ["Configuration", "port configuration"],
          "duration": 3,
          "failing": false,
          "failureDetails": [],
          "failureMessages": [],
          "fullName": "Configuration port configuration should handle empty PORT environment variable",
          "invocations": 1,
          "location": null,
          "numPassingAsserts": 1,
          "retryReasons": [],
          "startAt": 1757952635382,
          "status": "passed",
          "title": "should handle empty PORT environment variable"
        },
        {
          "ancestorTitles": ["Configuration", "port configuration"],
          "duration": 3,
          "failing": false,
          "failureDetails": [],
          "failureMessages": [],
          "fullName": "Configuration port configuration should handle zero PORT environment variable",
          "invocations": 1,
          "location": null,
          "numPassingAsserts": 1,
          "retryReasons": [],
          "startAt": 1757952635385,
          "status": "passed",
          "title": "should handle zero PORT environment variable"
        },
        {
          "ancestorTitles": ["Configuration", "config object structure"],
          "duration": 2,
          "failing": false,
          "failureDetails": [],
          "failureMessages": [],
          "fullName": "Configuration config object structure should have port property",
          "invocations": 1,
          "location": null,
          "numPassingAsserts": 2,
          "retryReasons": [],
          "startAt": 1757952635389,
          "status": "passed",
          "title": "should have port property"
        },
        {
          "ancestorTitles": ["Configuration", "config object structure"],
          "duration": 3,
          "failing": false,
          "failureDetails": [],
          "failureMessages": [],
          "fullName": "Configuration config object structure should be an object with expected properties",
          "invocations": 1,
          "location": null,
          "numPassingAsserts": 3,
          "retryReasons": [],
          "startAt": 1757952635391,
          "status": "passed",
          "title": "should be an object with expected properties"
        },
        {
          "ancestorTitles": ["Configuration", "config object structure"],
          "duration": 3,
          "failing": false,
          "failureDetails": [],
          "failureMessages": [],
          "fullName": "Configuration config object structure should have only expected properties",
          "invocations": 1,
          "location": null,
          "numPassingAsserts": 1,
          "retryReasons": [],
          "startAt": 1757952635394,
          "status": "passed",
          "title": "should have only expected properties"
        },
        {
          "ancestorTitles": ["Configuration", "environment variable handling"],
          "duration": 15,
          "failing": false,
          "failureDetails": [],
          "failureMessages": [],
          "fullName": "Configuration environment variable handling should use nullish coalescing operator correctly",
          "invocations": 1,
          "location": null,
          "numPassingAsserts": 1,
          "retryReasons": [],
          "startAt": 1757952635398,
          "status": "passed",
          "title": "should use nullish coalescing operator correctly"
        },
        {
          "ancestorTitles": ["Configuration", "environment variable handling"],
          "duration": 20,
          "failing": false,
          "failureDetails": [],
          "failureMessages": [],
          "fullName": "Configuration environment variable handling should handle various numeric strings",
          "invocations": 1,
          "location": null,
          "numPassingAsserts": 4,
          "retryReasons": [],
          "startAt": 1757952635413,
          "status": "passed",
          "title": "should handle various numeric strings"
        }
      ],
      "endTime": 1757952635437,
      "message": "",
      "name": "C:\\Users\\DELL 7450\\Finance4All\\backend\\src\\__tests__\\infrastructure\\config\\config.test.ts",
      "startTime": 1757952626459,
      "status": "passed",
      "summary": ""
    },
    {
      "assertionResults": [
        {
          "ancestorTitles": ["UserController", "create"],
          "duration": 20,
          "failing": false,
          "failureDetails": [],
          "failureMessages": [],
          "fullName": "UserController create should create a user successfully",
          "invocations": 1,
          "location": null,
          "numPassingAsserts": 3,
          "retryReasons": [],
          "startAt": 1757952635630,
          "status": "passed",
          "title": "should create a user successfully"
        },
        {
          "ancestorTitles": ["UserController", "create"],
          "duration": 4,
          "failing": false,
          "failureDetails": [],
          "failureMessages": [],
          "fullName": "UserController create should handle error when use case throws an error",
          "invocations": 1,
          "location": null,
          "numPassingAsserts": 3,
          "retryReasons": [],
          "startAt": 1757952635651,
          "status": "passed",
          "title": "should handle error when use case throws an error"
        },
        {
          "ancestorTitles": ["UserController", "create"],
          "duration": 2,
          "failing": false,
          "failureDetails": [],
          "failureMessages": [],
          "fullName": "UserController create should handle unknown error types",
          "invocations": 1,
          "location": null,
          "numPassingAsserts": 2,
          "retryReasons": [],
          "startAt": 1757952635655,
          "status": "passed",
          "title": "should handle unknown error types"
        },
        {
          "ancestorTitles": ["UserController", "create"],
          "duration": 3,
          "failing": false,
          "failureDetails": [],
          "failureMessages": [],
          "fullName": "UserController create should handle missing request body data",
          "invocations": 1,
          "location": null,
          "numPassingAsserts": 1,
          "retryReasons": [],
          "startAt": 1757952635657,
          "status": "passed",
          "title": "should handle missing request body data"
        }
      ],
      "endTime": 1757952635662,
      "message": "",
      "name": "C:\\Users\\DELL 7450\\Finance4All\\backend\\src\\__tests__\\infrastructure\\web\\controllers\\UserController.test.ts",
      "startTime": 1757952626521,
      "status": "passed",
      "summary": ""
    },
    {
      "assertionResults": [
        {
          "ancestorTitles": ["PrismaUserRepository", "findByEmail/findByClerkId"],
          "duration": 177,
          "failing": false,
          "failureDetails": [
            {
              "matcherResult": {
                "message": "\u001b[2mexpect(\u001b[22m\u001b[31mjest.fn()\u001b[39m\u001b[2m).\u001b[22mtoHaveBeenCalledWith\u001b[2m(\u001b[22m\u001b[32m...expected\u001b[39m\u001b[2m)\u001b[22m\n\nExpected: \u001b[32m{\"where\": {\"email\": \"john@example.com\"}}\u001b[39m\n\nNumber of calls: \u001b[31m0\u001b[39m",
                "pass": false
              }
            }
          ],
          "failureMessages": [
            "Error: \u001b[2mexpect(\u001b[22m\u001b[31mjest.fn()\u001b[39m\u001b[2m).\u001b[22mtoHaveBeenCalledWith\u001b[2m(\u001b[22m\u001b[32m...expected\u001b[39m\u001b[2m)\u001b[22m\n\nExpected: \u001b[32m{\"where\": {\"email\": \"john@example.com\"}}\u001b[39m\n\nNumber of calls: \u001b[31m0\u001b[39m\n    at Object.<anonymous> (C:\\Users\\DELL 7450\\Finance4All\\backend\\src\\__tests__\\infrastructure\\database\\PrismaUserRepository.test.ts:70:42)"
          ],
          "fullName": "PrismaUserRepository findByEmail/findByClerkId should find a user by email successfully",
          "invocations": 1,
          "location": null,
          "numPassingAsserts": 0,
          "retryReasons": [],
          "startAt": 1757952634964,
          "status": "failed",
          "title": "should find a user by email successfully"
        },
        {
          "ancestorTitles": ["PrismaUserRepository", "findByEmail/findByClerkId"],
          "duration": 7,
          "failing": false,
          "failureDetails": [
            {
              "matcherResult": {
                "message": "\u001b[2mexpect(\u001b[22m\u001b[31mjest.fn()\u001b[39m\u001b[2m).\u001b[22mtoHaveBeenCalledWith\u001b[2m(\u001b[22m\u001b[32m...expected\u001b[39m\u001b[2m)\u001b[22m\n\nExpected: \u001b[32m{\"where\": {\"email\": \"missing@example.com\"}}\u001b[39m\n\nNumber of calls: \u001b[31m0\u001b[39m",
                "pass": false
              }
            }
          ],
          "failureMessages": [
            "Error: \u001b[2mexpect(\u001b[22m\u001b[31mjest.fn()\u001b[39m\u001b[2m).\u001b[22mtoHaveBeenCalledWith\u001b[2m(\u001b[22m\u001b[32m...expected\u001b[39m\u001b[2m)\u001b[22m\n\nExpected: \u001b[32m{\"where\": {\"email\": \"missing@example.com\"}}\u001b[39m\n\nNumber of calls: \u001b[31m0\u001b[39m\n    at Object.<anonymous> (C:\\Users\\DELL 7450\\Finance4All\\backend\\src\\__tests__\\infrastructure\\database\\PrismaUserRepository.test.ts:80:42)"
          ],
          "fullName": "PrismaUserRepository findByEmail/findByClerkId should return null when user is not found by email",
          "invocations": 1,
          "location": null,
          "numPassingAsserts": 0,
          "retryReasons": [],
          "startAt": 1757952635158,
          "status": "failed",
          "title": "should return null when user is not found by email"
        },
        {
          "ancestorTitles": ["PrismaUserRepository", "findByEmail/findByClerkId"],
          "duration": 7,
          "failing": false,
          "failureDetails": [
            {
              "matcherResult": {
                "message": "\u001b[2mexpect(\u001b[22m\u001b[31mjest.fn()\u001b[39m\u001b[2m).\u001b[22mtoHaveBeenCalledWith\u001b[2m(\u001b[22m\u001b[32m...expected\u001b[39m\u001b[2m)\u001b[22m\n\nExpected: \u001b[32m{\"where\": {\"clerkId\": \"clrk_2\"}}\u001b[39m\n\nNumber of calls: \u001b[31m0\u001b[39m",
                "pass": false
              }
            }
          ],
          "failureMessages": [
            "Error: \u001b[2mexpect(\u001b[22m\u001b[31mjest.fn()\u001b[39m\u001b[2m).\u001b[22mtoHaveBeenCalledWith\u001b[2m(\u001b[22m\u001b[32m...expected\u001b[39m\u001b[2m)\u001b[22m\n\nExpected: \u001b[32m{\"where\": {\"clerkId\": \"clrk_2\"}}\u001b[39m\n\nNumber of calls: \u001b[31m0\u001b[39m\n    at Object.<anonymous> (C:\\Users\\DELL 7450\\Finance4All\\backend\\src\\__tests__\\infrastructure\\database\\PrismaUserRepository.test.ts:106:42)"
          ],
          "fullName": "PrismaUserRepository findByEmail/findByClerkId should find a user by clerkId successfully",
          "invocations": 1,
          "location": null,
          "numPassingAsserts": 0,
          "retryReasons": [],
          "startAt": 1757952635165,
          "status": "failed",
          "title": "should find a user by clerkId successfully"
        },
        {
          "ancestorTitles": ["PrismaUserRepository", "createFromClerk"],
          "duration": 390,
          "failing": false,
          "failureDetails": [
            {
              "code": "P2002",
              "meta": { "modelName": "User", "target": ["email"] },
              "clientVersion": "6.15.0",
              "name": "PrismaClientKnownRequestError"
            }
          ],
          "failureMessages": [
            "PrismaClientKnownRequestError: \nInvalid `prisma.user.create()` invocation in\nC:\\Users\\DELL 7450\\Finance4All\\backend\\src\\infrastructure\\database\\PrismaUserRepository.ts:40:38\n\n  37 \n  38 console.warn('PrismaUserRepository.createFromClerk - Creating user with data:', userData);\n  39 \n→ 40 const user = await prisma.user.create(\nUnique constraint failed on the fields: (`email`)\n    at ei.handleRequestError (C:\\Users\\DELL 7450\\Finance4All\\node_modules\\@prisma\\client\\src\\runtime\\RequestHandler.ts:228:13)\n    at ei.handleAndLogRequestError (C:\\Users\\DELL 7450\\Finance4All\\node_modules\\@prisma\\client\\src\\runtime\\RequestHandler.ts:174:12)\n    at ei.request (C:\\Users\\DELL 7450\\Finance4All\\node_modules\\@prisma\\client\\src\\runtime\\RequestHandler.ts:143:12)\n    at a (C:\\Users\\DELL 7450\\Finance4All\\node_modules\\@prisma\\client\\src\\runtime\\getPrismaClient.ts:833:24)\n    at PrismaUserRepository.createFromClerk (C:\\Users\\DELL 7450\\Finance4All\\backend\\src\\infrastructure\\database\\PrismaUserRepository.ts:40:20)\n    at Object.<anonymous> (C:\\Users\\DELL 7450\\Finance4All\\backend\\src\\__tests__\\infrastructure\\database\\PrismaUserRepository.test.ts:142:22)"
          ],
          "fullName": "PrismaUserRepository createFromClerk should create a user from Clerk data successfully",
          "invocations": 1,
          "location": null,
          "numPassingAsserts": 0,
          "retryReasons": [],
          "startAt": 1757952635173,
          "status": "failed",
          "title": "should create a user from Clerk data successfully"
        },
        {
          "ancestorTitles": ["PrismaUserRepository", "createFromClerk"],
          "duration": 32,
          "failing": false,
          "failureDetails": [],
          "failureMessages": [],
          "fullName": "PrismaUserRepository createFromClerk should propagate creation errors",
          "invocations": 1,
          "location": null,
          "numPassingAsserts": 1,
          "retryReasons": [],
          "startAt": 1757952635563,
          "status": "passed",
          "title": "should propagate creation errors"
        },
        {
          "ancestorTitles": ["PrismaUserRepository", "basic read conversion"],
          "duration": 8,
          "failing": false,
          "failureDetails": [
            {
              "matcherResult": {
                "expected": 42,
                "message": "\u001b[2mexpect(\u001b[22m\u001b[31mreceived\u001b[39m\u001b[2m).\u001b[22mtoBe\u001b[2m(\u001b[22m\u001b[32mexpected\u001b[39m\u001b[2m) // Object.is equality\u001b[22m\n\nExpected: \u001b[32m42\u001b[39m\nReceived: \u001b[31mundefined\u001b[39m",
                "name": "toBe",
                "pass": false
              }
            }
          ],
          "failureMessages": [
            "Error: \u001b[2mexpect(\u001b[22m\u001b[31mreceived\u001b[39m\u001b[2m).\u001b[22mtoBe\u001b[2m(\u001b[22m\u001b[32mexpected\u001b[39m\u001b[2m) // Object.is equality\u001b[22m\n\nExpected: \u001b[32m42\u001b[39m\nReceived: \u001b[31mundefined\u001b[39m\n    at Object.<anonymous> (C:\\Users\\DELL 7450\\Finance4All\\backend\\src\\__tests__\\infrastructure\\database\\PrismaUserRepository.test.ts:198:26)"
          ],
          "fullName": "PrismaUserRepository basic read conversion should return a plain object with expected fields from Prisma result",
          "invocations": 1,
          "location": null,
          "numPassingAsserts": 0,
          "retryReasons": [],
          "startAt": 1757952635596,
          "status": "failed",
          "title": "should return a plain object with expected fields from Prisma result"
        }
      ],
      "endTime": 1757952635692,
      "message": "\u001b[1m\u001b[31m  \u001b[1m● \u001b[22m\u001b[1mPrismaUserRepository › findByEmail/findByClerkId › should find a user by email successfully\u001b[39m\u001b[22m\n\n    \u001b[2mexpect(\u001b[22m\u001b[31mjest.fn()\u001b[39m\u001b[2m).\u001b[22mtoHaveBeenCalledWith\u001b[2m(\u001b[22m\u001b[32m...expected\u001b[39m\u001b[2m)\u001b[22m\n\n    Expected: \u001b[32m{\"where\": {\"email\": \"john@example.com\"}}\u001b[39m\n\n    Number of calls: \u001b[31m0\u001b[39m\n\u001b[2m\u001b[22m\n\u001b[2m    \u001b[0m \u001b[90m 68 |\u001b[39m       \u001b[36mconst\u001b[39m result \u001b[33m=\u001b[39m \u001b[36mawait\u001b[39m repository\u001b[33m.\u001b[39mfindByEmail(\u001b[32m'john@example.com'\u001b[39m)\u001b[33m;\u001b[39m\u001b[22m\n\u001b[2m     \u001b[90m 69 |\u001b[39m\u001b[22m\n\u001b[2m    \u001b[31m\u001b[1m>\u001b[22m\u001b[2m\u001b[39m\u001b[90m 70 |\u001b[39m       expect(mockPrisma\u001b[33m.\u001b[39muser\u001b[33m.\u001b[39mfindUnique)\u001b[33m.\u001b[39mtoHaveBeenCalledWith({ where\u001b[33m:\u001b[39m { email\u001b[33m:\u001b[39m \u001b[32m'john@example.com'\u001b[39m } })\u001b[33m;\u001b[39m\u001b[22m\n\u001b[2m     \u001b[90m    |\u001b[39m                                          \u001b[31m\u001b[1m^\u001b[22m\u001b[2m\u001b[39m\u001b[22m\n\u001b[2m     \u001b[90m 71 |\u001b[39m       expect(result\u001b[33m?\u001b[39m\u001b[33m.\u001b[39memail)\u001b[33m.\u001b[39mtoBe(\u001b[32m'john@example.com'\u001b[39m)\u001b[33m;\u001b[39m\u001b[22m\n\u001b[2m     \u001b[90m 72 |\u001b[39m       expect(result\u001b[33m?\u001b[39m\u001b[33m.\u001b[39mfirstName)\u001b[33m.\u001b[39mtoBe(\u001b[32m'John'\u001b[39m)\u001b[33m;\u001b[39m\u001b[22m\n\u001b[2m     \u001b[90m 73 |\u001b[39m     })\u001b[33m;\u001b[39m\u001b[0m\u001b[22m\n\u001b[2m\u001b[22m\n\u001b[2m      \u001b[2mat Object.<anonymous> (\u001b[22m\u001b[2m\u001b[0m\u001b[36msrc/__tests__/infrastructure/database/PrismaUserRepository.test.ts\u001b[39m\u001b[0m\u001b[2m:70:42)\u001b[22m\u001b[2m\u001b[22m\n\n\u001b[1m\u001b[31m  \u001b[1m● \u001b[22m\u001b[1mPrismaUserRepository › findByEmail/findByClerkId › should return null when user is not found by email\u001b[39m\u001b[22m\n\n    \u001b[2mexpect(\u001b[22m\u001b[31mjest.fn()\u001b[39m\u001b[2m).\u001b[22mtoHaveBeenCalledWith\u001b[2m(\u001b[22m\u001b[32m...expected\u001b[39m\u001b[2m)\u001b[22m\n\n    Expected: \u001b[32m{\"where\": {\"email\": \"missing@example.com\"}}\u001b[39m\n\n    Number of calls: \u001b[31m0\u001b[39m\n\u001b[2m\u001b[22m\n\u001b[2m    \u001b[0m \u001b[90m 78 |\u001b[39m       \u001b[36mconst\u001b[39m result \u001b[33m=\u001b[39m \u001b[36mawait\u001b[39m repository\u001b[33m.\u001b[39mfindByEmail(\u001b[32m'missing@example.com'\u001b[39m)\u001b[33m;\u001b[39m\u001b[22m\n\u001b[2m     \u001b[90m 79 |\u001b[39m\u001b[22m\n\u001b[2m    \u001b[31m\u001b[1m>\u001b[22m\u001b[2m\u001b[39m\u001b[90m 80 |\u001b[39m       expect(mockPrisma\u001b[33m.\u001b[39muser\u001b[33m.\u001b[39mfindUnique)\u001b[33m.\u001b[39mtoHaveBeenCalledWith({ where\u001b[33m:\u001b[39m { email\u001b[33m:\u001b[39m \u001b[32m'missing@example.com'\u001b[39m } })\u001b[33m;\u001b[39m\u001b[22m\n\u001b[2m     \u001b[90m    |\u001b[39m                                          \u001b[31m\u001b[1m^\u001b[22m\u001b[2m\u001b[39m\u001b[22m\n\u001b[2m     \u001b[90m 81 |\u001b[39m       expect(result)\u001b[33m.\u001b[39mtoBeNull()\u001b[33m;\u001b[39m\u001b[22m\n\u001b[2m     \u001b[90m 82 |\u001b[39m     })\u001b[33m;\u001b[39m\u001b[22m\n\u001b[2m     \u001b[90m 83 |\u001b[39m\u001b[0m\u001b[22m\n\u001b[2m\u001b[22m\n\u001b[2m      \u001b[2mat Object.<anonymous> (\u001b[22m\u001b[2m\u001b[0m\u001b[36msrc/__tests__/infrastructure/database/PrismaUserRepository.test.ts\u001b[39m\u001b[0m\u001b[2m:80:42)\u001b[22m\u001b[2m\u001b[22m\n\n\u001b[1m\u001b[31m  \u001b[1m● \u001b[22m\u001b[1mPrismaUserRepository › findByEmail/findByClerkId › should find a user by clerkId successfully\u001b[39m\u001b[22m\n\n    \u001b[2mexpect(\u001b[22m\u001b[31mjest.fn()\u001b[39m\u001b[2m).\u001b[22mtoHaveBeenCalledWith\u001b[2m(\u001b[22m\u001b[32m...expected\u001b[39m\u001b[2m)\u001b[22m\n\n    Expected: \u001b[32m{\"where\": {\"clerkId\": \"clrk_2\"}}\u001b[39m\n\n    Number of calls: \u001b[31m0\u001b[39m\n\u001b[2m\u001b[22m\n\u001b[2m    \u001b[0m \u001b[90m 104 |\u001b[39m       \u001b[36mconst\u001b[39m result \u001b[33m=\u001b[39m \u001b[36mawait\u001b[39m repository\u001b[33m.\u001b[39mfindByClerkId(\u001b[32m'clrk_2'\u001b[39m)\u001b[33m;\u001b[39m\u001b[22m\n\u001b[2m     \u001b[90m 105 |\u001b[39m\u001b[22m\n\u001b[2m    \u001b[31m\u001b[1m>\u001b[22m\u001b[2m\u001b[39m\u001b[90m 106 |\u001b[39m       expect(mockPrisma\u001b[33m.\u001b[39muser\u001b[33m.\u001b[39mfindUnique)\u001b[33m.\u001b[39mtoHaveBeenCalledWith({ where\u001b[33m:\u001b[39m { clerkId\u001b[33m:\u001b[39m \u001b[32m'clrk_2'\u001b[39m } })\u001b[33m;\u001b[39m\u001b[22m\n\u001b[2m     \u001b[90m     |\u001b[39m                                          \u001b[31m\u001b[1m^\u001b[22m\u001b[2m\u001b[39m\u001b[22m\n\u001b[2m     \u001b[90m 107 |\u001b[39m       expect(result\u001b[33m?\u001b[39m\u001b[33m.\u001b[39mclerkId)\u001b[33m.\u001b[39mtoBe(\u001b[32m'clrk_2'\u001b[39m)\u001b[33m;\u001b[39m\u001b[22m\n\u001b[2m     \u001b[90m 108 |\u001b[39m       expect(result\u001b[33m?\u001b[39m\u001b[33m.\u001b[39memail)\u001b[33m.\u001b[39mtoBe(\u001b[32m'jane@example.com'\u001b[39m)\u001b[33m;\u001b[39m\u001b[22m\n\u001b[2m     \u001b[90m 109 |\u001b[39m     })\u001b[33m;\u001b[39m\u001b[0m\u001b[22m\n\u001b[2m\u001b[22m\n\u001b[2m      \u001b[2mat Object.<anonymous> (\u001b[22m\u001b[2m\u001b[0m\u001b[36msrc/__tests__/infrastructure/database/PrismaUserRepository.test.ts\u001b[39m\u001b[0m\u001b[2m:106:42)\u001b[22m\u001b[2m\u001b[22m\n\n\u001b[1m\u001b[31m  \u001b[1m● \u001b[22m\u001b[1mPrismaUserRepository › createFromClerk › should create a user from Clerk data successfully\u001b[39m\u001b[22m\n\n    PrismaClientKnownRequestError: \n    Invalid `prisma.user.create()` invocation in\n    C:\\Users\\DELL 7450\\Finance4All\\backend\\src\\infrastructure\\database\\PrismaUserRepository.ts:40:38\n\n      37 \n      38 console.warn('PrismaUserRepository.createFromClerk - Creating user with data:', userData);\n      39 \n    → 40 const user = await prisma.user.create(\n    Unique constraint failed on the fields: (`email`)\n\u001b[2m\u001b[22m\n\u001b[2m    \u001b[0m \u001b[90m 38 |\u001b[39m       console\u001b[33m.\u001b[39mwarn(\u001b[32m'PrismaUserRepository.createFromClerk - Creating user with data:'\u001b[39m\u001b[33m,\u001b[39m userData)\u001b[33m;\u001b[39m\u001b[22m\n\u001b[2m     \u001b[90m 39 |\u001b[39m       \u001b[22m\n\u001b[2m    \u001b[31m\u001b[1m>\u001b[22m\u001b[2m\u001b[39m\u001b[90m 40 |\u001b[39m       \u001b[36mconst\u001b[39m user \u001b[33m=\u001b[39m \u001b[36mawait\u001b[39m prisma\u001b[33m.\u001b[39muser\u001b[33m.\u001b[39mcreate({\u001b[22m\n\u001b[2m     \u001b[90m    |\u001b[39m                    \u001b[31m\u001b[1m^\u001b[22m\u001b[2m\u001b[39m\u001b[22m\n\u001b[2m     \u001b[90m 41 |\u001b[39m         data\u001b[33m:\u001b[39m userData\u001b[33m,\u001b[39m\u001b[22m\n\u001b[2m     \u001b[90m 42 |\u001b[39m       })\u001b[33m;\u001b[39m\u001b[22m\n\u001b[2m     \u001b[90m 43 |\u001b[39m       \u001b[0m\u001b[22m\n\u001b[2m\u001b[22m\n\u001b[2m      \u001b[2mat ei.handleRequestError (\u001b[22m\u001b[2m../node_modules/@prisma/client/src/runtime/RequestHandler.ts\u001b[2m:228:13)\u001b[22m\u001b[2m\u001b[22m\n\u001b[2m      \u001b[2mat ei.handleAndLogRequestError (\u001b[22m\u001b[2m../node_modules/@prisma/client/src/runtime/RequestHandler.ts\u001b[2m:174:12)\u001b[22m\u001b[2m\u001b[22m\n\u001b[2m      \u001b[2mat ei.request (\u001b[22m\u001b[2m../node_modules/@prisma/client/src/runtime/RequestHandler.ts\u001b[2m:143:12)\u001b[22m\u001b[2m\u001b[22m\n\u001b[2m      \u001b[2mat a (\u001b[22m\u001b[2m../node_modules/@prisma/client/src/runtime/getPrismaClient.ts\u001b[2m:833:24)\u001b[22m\u001b[2m\u001b[22m\n\u001b[2m      \u001b[2mat PrismaUserRepository.createFromClerk (\u001b[22m\u001b[2msrc/infrastructure/database/PrismaUserRepository.ts\u001b[2m:40:20)\u001b[22m\u001b[2m\u001b[22m\n\u001b[2m      \u001b[2mat Object.<anonymous> (\u001b[22m\u001b[2m\u001b[0m\u001b[36msrc/__tests__/infrastructure/database/PrismaUserRepository.test.ts\u001b[39m\u001b[0m\u001b[2m:142:22)\u001b[22m\u001b[2m\u001b[22m\n\n\u001b[1m\u001b[31m  \u001b[1m● \u001b[22m\u001b[1mPrismaUserRepository › basic read conversion › should return a plain object with expected fields from Prisma result\u001b[39m\u001b[22m\n\n    \u001b[2mexpect(\u001b[22m\u001b[31mreceived\u001b[39m\u001b[2m).\u001b[22mtoBe\u001b[2m(\u001b[22m\u001b[32mexpected\u001b[39m\u001b[2m) // Object.is equality\u001b[22m\n\n    Expected: \u001b[32m42\u001b[39m\n    Received: \u001b[31mundefined\u001b[39m\n\u001b[2m\u001b[22m\n\u001b[2m    \u001b[0m \u001b[90m 196 |\u001b[39m       \u001b[36mconst\u001b[39m result \u001b[33m=\u001b[39m \u001b[36mawait\u001b[39m repository\u001b[33m.\u001b[39mfindByEmail(\u001b[32m'test@example.com'\u001b[39m)\u001b[33m;\u001b[39m\u001b[22m\n\u001b[2m     \u001b[90m 197 |\u001b[39m\u001b[22m\n\u001b[2m    \u001b[31m\u001b[1m>\u001b[22m\u001b[2m\u001b[39m\u001b[90m 198 |\u001b[39m       expect(result\u001b[33m?\u001b[39m\u001b[33m.\u001b[39mid)\u001b[33m.\u001b[39mtoBe(\u001b[35m42\u001b[39m)\u001b[33m;\u001b[39m\u001b[22m\n\u001b[2m     \u001b[90m     |\u001b[39m                          \u001b[31m\u001b[1m^\u001b[22m\u001b[2m\u001b[39m\u001b[22m\n\u001b[2m     \u001b[90m 199 |\u001b[39m       expect(result\u001b[33m?\u001b[39m\u001b[33m.\u001b[39memail)\u001b[33m.\u001b[39mtoBe(\u001b[32m'test@example.com'\u001b[39m)\u001b[33m;\u001b[39m\u001b[22m\n\u001b[2m     \u001b[90m 200 |\u001b[39m       expect(result\u001b[33m?\u001b[39m\u001b[33m.\u001b[39mfirstName)\u001b[33m.\u001b[39mtoBe(\u001b[32m'Test'\u001b[39m)\u001b[33m;\u001b[39m\u001b[22m\n\u001b[2m     \u001b[90m 201 |\u001b[39m       expect(result\u001b[33m?\u001b[39m\u001b[33m.\u001b[39mclerkId)\u001b[33m.\u001b[39mtoBe(\u001b[32m'clrk_42'\u001b[39m)\u001b[33m;\u001b[39m\u001b[0m\u001b[22m\n\u001b[2m\u001b[22m\n\u001b[2m      \u001b[2mat Object.<anonymous> (\u001b[22m\u001b[2m\u001b[0m\u001b[36msrc/__tests__/infrastructure/database/PrismaUserRepository.test.ts\u001b[39m\u001b[0m\u001b[2m:198:26)\u001b[22m\u001b[2m\u001b[22m\n",
      "name": "C:\\Users\\DELL 7450\\Finance4All\\backend\\src\\__tests__\\infrastructure\\database\\PrismaUserRepository.test.ts",
      "startTime": 1757952626103,
      "status": "failed",
      "summary": ""
    },
    {
      "assertionResults": [
        {
          "ancestorTitles": ["User Entity and Use Cases", "User Entity"],
          "duration": 10,
          "failing": false,
          "failureDetails": [],
          "failureMessages": [],
          "fullName": "User Entity and Use Cases User Entity should create a user with correct properties",
          "invocations": 1,
          "location": null,
          "numPassingAsserts": 5,
          "retryReasons": [],
          "startAt": 1757952636084,
          "status": "passed",
          "title": "should create a user with correct properties"
        },
        {
          "ancestorTitles": ["User Entity and Use Cases", "CreateUserUseCase"],
          "duration": 14,
          "failing": false,
          "failureDetails": [],
          "failureMessages": [],
          "fullName": "User Entity and Use Cases CreateUserUseCase should throw error when name is missing",
          "invocations": 1,
          "location": null,
          "numPassingAsserts": 1,
          "retryReasons": [],
          "startAt": 1757952636095,
          "status": "passed",
          "title": "should throw error when name is missing"
        },
        {
          "ancestorTitles": ["User Entity and Use Cases", "CreateUserUseCase"],
          "duration": 2,
          "failing": false,
          "failureDetails": [],
          "failureMessages": [],
          "fullName": "User Entity and Use Cases CreateUserUseCase should throw error when email is missing",
          "invocations": 1,
          "location": null,
          "numPassingAsserts": 1,
          "retryReasons": [],
          "startAt": 1757952636109,
          "status": "passed",
          "title": "should throw error when email is missing"
        },
        {
          "ancestorTitles": ["User Entity and Use Cases", "CreateUserUseCase"],
          "duration": 2,
          "failing": false,
          "failureDetails": [],
          "failureMessages": [],
          "fullName": "User Entity and Use Cases CreateUserUseCase should throw error when email is invalid",
          "invocations": 1,
          "location": null,
          "numPassingAsserts": 1,
          "retryReasons": [],
          "startAt": 1757952636111,
          "status": "passed",
          "title": "should throw error when email is invalid"
        },
        {
          "ancestorTitles": ["User Entity and Use Cases", "CreateUserUseCase"],
          "duration": 1,
          "failing": false,
          "failureDetails": [],
          "failureMessages": [],
          "fullName": "User Entity and Use Cases CreateUserUseCase should create user when input is valid",
          "invocations": 1,
          "location": null,
          "numPassingAsserts": 3,
          "retryReasons": [],
          "startAt": 1757952636113,
          "status": "passed",
          "title": "should create user when input is valid"
        }
      ],
      "endTime": 1757952636116,
      "message": "",
      "name": "C:\\Users\\DELL 7450\\Finance4All\\backend\\src\\__tests__\\domain\\entities\\user.validation.test.ts",
      "startTime": 1757952626485,
      "status": "passed",
      "summary": ""
    },
    {
      "assertionResults": [
        {
          "ancestorTitles": ["Logger"],
          "duration": 12,
          "failing": false,
          "failureDetails": [],
          "failureMessages": [],
          "fullName": "Logger should be defined",
          "invocations": 1,
          "location": null,
          "numPassingAsserts": 1,
          "retryReasons": [],
          "startAt": 1757952636125,
          "status": "passed",
          "title": "should be defined"
        },
        {
          "ancestorTitles": ["Logger"],
          "duration": 1,
          "failing": false,
          "failureDetails": [],
          "failureMessages": [],
          "fullName": "Logger should have info, warn, error and debug methods",
          "invocations": 1,
          "location": null,
          "numPassingAsserts": 4,
          "retryReasons": [],
          "startAt": 1757952636138,
          "status": "passed",
          "title": "should have info, warn, error and debug methods"
        },
        {
          "ancestorTitles": ["Logger"],
          "duration": 15,
          "failing": false,
          "failureDetails": [],
          "failureMessages": [],
          "fullName": "Logger should log a request",
          "invocations": 1,
          "location": null,
          "numPassingAsserts": 1,
          "retryReasons": [],
          "startAt": 1757952636139,
          "status": "passed",
          "title": "should log a request"
        },
        {
          "ancestorTitles": ["Logger"],
          "duration": 14,
          "failing": false,
          "failureDetails": [],
          "failureMessages": [],
          "fullName": "Logger should log an error",
          "invocations": 1,
          "location": null,
          "numPassingAsserts": 1,
          "retryReasons": [],
          "startAt": 1757952636154,
          "status": "passed",
          "title": "should log an error"
        },
        {
          "ancestorTitles": ["Logger"],
          "duration": 5,
          "failing": false,
          "failureDetails": [],
          "failureMessages": [],
          "fullName": "Logger should log a message with the stream",
          "invocations": 1,
          "location": null,
          "numPassingAsserts": 1,
          "retryReasons": [],
          "startAt": 1757952636168,
          "status": "passed",
          "title": "should log a message with the stream"
        }
      ],
      "endTime": 1757952636176,
      "message": "",
      "name": "C:\\Users\\DELL 7450\\Finance4All\\backend\\src\\__tests__\\utils\\logger.test.ts",
      "startTime": 1757952626519,
      "status": "passed",
      "summary": ""
    },
    {
      "assertionResults": [
        {
          "ancestorTitles": ["Error Middleware"],
          "duration": 46,
          "failing": false,
          "failureDetails": [],
          "failureMessages": [],
          "fullName": "Error Middleware should handle AppError correctly",
          "invocations": 1,
          "location": null,
          "numPassingAsserts": 2,
          "retryReasons": [],
          "startAt": 1757952636228,
          "status": "passed",
          "title": "should handle AppError correctly"
        },
        {
          "ancestorTitles": ["Error Middleware"],
          "duration": 11,
          "failing": false,
          "failureDetails": [],
          "failureMessages": [],
          "fullName": "Error Middleware should handle ZodError correctly",
          "invocations": 1,
          "location": null,
          "numPassingAsserts": 2,
          "retryReasons": [],
          "startAt": 1757952636276,
          "status": "passed",
          "title": "should handle ZodError correctly"
        },
        {
          "ancestorTitles": ["Error Middleware"],
          "duration": 6,
          "failing": false,
          "failureDetails": [],
          "failureMessages": [],
          "fullName": "Error Middleware should handle generic error correctly",
          "invocations": 1,
          "location": null,
          "numPassingAsserts": 2,
          "retryReasons": [],
          "startAt": 1757952636288,
          "status": "passed",
          "title": "should handle generic error correctly"
        },
        {
          "ancestorTitles": ["Error Middleware"],
          "duration": 2,
          "failing": false,
          "failureDetails": [],
          "failureMessages": [],
          "fullName": "Error Middleware should handle Prisma P2002 error",
          "invocations": 1,
          "location": null,
          "numPassingAsserts": 2,
          "retryReasons": [],
          "startAt": 1757952636295,
          "status": "passed",
          "title": "should handle Prisma P2002 error"
        },
        {
          "ancestorTitles": ["Error Middleware"],
          "duration": 3,
          "failing": false,
          "failureDetails": [],
          "failureMessages": [],
          "fullName": "Error Middleware should handle Prisma P2025 error",
          "invocations": 1,
          "location": null,
          "numPassingAsserts": 2,
          "retryReasons": [],
          "startAt": 1757952636297,
          "status": "passed",
          "title": "should handle Prisma P2025 error"
        },
        {
          "ancestorTitles": ["Error Middleware"],
          "duration": 4,
          "failing": false,
          "failureDetails": [],
          "failureMessages": [],
          "fullName": "Error Middleware should handle Prisma P2003 error",
          "invocations": 1,
          "location": null,
          "numPassingAsserts": 2,
          "retryReasons": [],
          "startAt": 1757952636300,
          "status": "passed",
          "title": "should handle Prisma P2003 error"
        },
        {
          "ancestorTitles": ["Error Middleware"],
          "duration": 4,
          "failing": false,
          "failureDetails": [],
          "failureMessages": [],
          "fullName": "Error Middleware should handle PrismaClientValidationError",
          "invocations": 1,
          "location": null,
          "numPassingAsserts": 2,
          "retryReasons": [],
          "startAt": 1757952636304,
          "status": "passed",
          "title": "should handle PrismaClientValidationError"
        },
        {
          "ancestorTitles": ["Error Middleware"],
          "duration": 2,
          "failing": false,
          "failureDetails": [],
          "failureMessages": [],
          "fullName": "Error Middleware should handle PrismaClientInitializationError",
          "invocations": 1,
          "location": null,
          "numPassingAsserts": 2,
          "retryReasons": [],
          "startAt": 1757952636308,
          "status": "passed",
          "title": "should handle PrismaClientInitializationError"
        },
        {
          "ancestorTitles": ["Error Middleware"],
          "duration": 1,
          "failing": false,
          "failureDetails": [],
          "failureMessages": [],
          "fullName": "Error Middleware should handle JsonWebTokenError",
          "invocations": 1,
          "location": null,
          "numPassingAsserts": 2,
          "retryReasons": [],
          "startAt": 1757952636311,
          "status": "passed",
          "title": "should handle JsonWebTokenError"
        },
        {
          "ancestorTitles": ["Error Middleware"],
          "duration": 2,
          "failing": false,
          "failureDetails": [],
          "failureMessages": [],
          "fullName": "Error Middleware should handle TokenExpiredError",
          "invocations": 1,
          "location": null,
          "numPassingAsserts": 2,
          "retryReasons": [],
          "startAt": 1757952636313,
          "status": "passed",
          "title": "should handle TokenExpiredError"
        },
        {
          "ancestorTitles": ["Error Middleware"],
          "duration": 2,
          "failing": false,
          "failureDetails": [],
          "failureMessages": [],
          "fullName": "Error Middleware should handle error with body",
          "invocations": 1,
          "location": null,
          "numPassingAsserts": 2,
          "retryReasons": [],
          "startAt": 1757952636316,
          "status": "passed",
          "title": "should handle error with body"
        },
        {
          "ancestorTitles": ["Error Middleware"],
          "duration": 4,
          "failing": false,
          "failureDetails": [],
          "failureMessages": [],
          "fullName": "Error Middleware should call next for unhandled errors",
          "invocations": 1,
          "location": null,
          "numPassingAsserts": 2,
          "retryReasons": [],
          "startAt": 1757952636318,
          "status": "passed",
          "title": "should call next for unhandled errors"
        },
        {
          "ancestorTitles": ["Error Middleware", "asyncHandler"],
          "duration": 1,
          "failing": false,
          "failureDetails": [],
          "failureMessages": [],
          "fullName": "Error Middleware asyncHandler should call next with error if promise rejects",
          "invocations": 1,
          "location": null,
          "numPassingAsserts": 1,
          "retryReasons": [],
          "startAt": 1757952636322,
          "status": "passed",
          "title": "should call next with error if promise rejects"
        },
        {
          "ancestorTitles": ["Error Middleware", "notFoundHandler"],
          "duration": 2,
          "failing": false,
          "failureDetails": [],
          "failureMessages": [],
          "fullName": "Error Middleware notFoundHandler should call next with AppError",
          "invocations": 1,
          "location": null,
          "numPassingAsserts": 1,
          "retryReasons": [],
          "startAt": 1757952636323,
          "status": "passed",
          "title": "should call next with AppError"
        }
      ],
      "endTime": 1757952636329,
      "message": "",
      "name": "C:\\Users\\DELL 7450\\Finance4All\\backend\\src\\__tests__\\infrastructure\\web\\middleware\\error.middleware.test.ts",
      "startTime": 1757952626477,
      "status": "passed",
      "summary": ""
    },
    {
      "assertionResults": [
        {
          "ancestorTitles": ["ClerkUserController.register"],
          "duration": 135,
          "failing": false,
          "failureDetails": [],
          "failureMessages": [],
          "fullName": "ClerkUserController.register returns 400 on validation error",
          "invocations": 1,
          "location": null,
          "numPassingAsserts": 2,
          "retryReasons": [],
          "startAt": 1757952636547,
          "status": "passed",
          "title": "returns 400 on validation error"
        },
        {
          "ancestorTitles": ["ClerkUserController.register"],
          "duration": 20,
          "failing": false,
          "failureDetails": [],
          "failureMessages": [],
          "fullName": "ClerkUserController.register returns 201 on success and maps response fields",
          "invocations": 1,
          "location": null,
          "numPassingAsserts": 3,
          "retryReasons": [],
          "startAt": 1757952636683,
          "status": "passed",
          "title": "returns 201 on success and maps response fields"
        }
      ],
      "endTime": 1757952636708,
      "message": "",
      "name": "C:\\Users\\DELL 7450\\Finance4All\\backend\\src\\__tests__\\infrastructure\\web\\controllers\\ClerkUserController.test.ts",
      "startTime": 1757952626471,
      "status": "passed",
      "summary": ""
    },
    {
      "assertionResults": [
        {
          "ancestorTitles": ["Main"],
          "duration": 1506,
          "failing": false,
          "failureDetails": [],
          "failureMessages": [],
          "fullName": "Main should listen on the configured port",
          "invocations": 1,
          "location": null,
          "numPassingAsserts": 1,
          "retryReasons": [],
          "startAt": 1757952635191,
          "status": "passed",
          "title": "should listen on the configured port"
        }
      ],
      "endTime": 1757952636709,
      "message": "",
      "name": "C:\\Users\\DELL 7450\\Finance4All\\backend\\src\\__tests__\\main.test.ts",
      "startTime": 1757952626314,
      "status": "passed",
      "summary": ""
    },
    {
      "assertionResults": [
        {
          "ancestorTitles": ["API Routes", "Test Route"],
          "duration": 100,
          "failing": false,
          "failureDetails": [],
          "failureMessages": [],
          "fullName": "API Routes Test Route should return success response for test route",
          "invocations": 1,
          "location": null,
          "numPassingAsserts": 1,
          "retryReasons": [],
          "startAt": 1757952636395,
          "status": "passed",
          "title": "should return success response for test route"
        },
        {
          "ancestorTitles": ["API Routes", "Test Route"],
          "duration": 25,
          "failing": false,
          "failureDetails": [],
          "failureMessages": [],
          "fullName": "API Routes Test Route should return valid timestamp in ISO format",
          "invocations": 1,
          "location": null,
          "numPassingAsserts": 2,
          "retryReasons": [],
          "startAt": 1757952636496,
          "status": "passed",
          "title": "should return valid timestamp in ISO format"
        },
        {
          "ancestorTitles": ["API Routes", "Test Route"],
          "duration": 26,
          "failing": false,
          "failureDetails": [],
          "failureMessages": [],
          "fullName": "API Routes Test Route should use API version from environment or default to v1",
          "invocations": 1,
          "location": null,
          "numPassingAsserts": 2,
          "retryReasons": [],
          "startAt": 1757952636521,
          "status": "passed",
          "title": "should use API version from environment or default to v1"
        },
        {
          "ancestorTitles": ["API Routes", "User Routes Integration"],
          "duration": 49,
          "failing": false,
          "failureDetails": [],
          "failureMessages": [],
          "fullName": "API Routes User Routes Integration should route POST requests to user routes",
          "invocations": 1,
          "location": null,
          "numPassingAsserts": 1,
          "retryReasons": [],
          "startAt": 1757952636547,
          "status": "passed",
          "title": "should route POST requests to user routes"
        },
        {
          "ancestorTitles": ["API Routes", "User Routes Integration"],
          "duration": 15,
          "failing": false,
          "failureDetails": [],
          "failureMessages": [],
          "fullName": "API Routes User Routes Integration should handle validation errors from user routes",
          "invocations": 1,
          "location": null,
          "numPassingAsserts": 1,
          "retryReasons": [],
          "startAt": 1757952636597,
          "status": "passed",
          "title": "should handle validation errors from user routes"
        },
        {
          "ancestorTitles": ["API Routes", "Route Structure"],
          "duration": 2,
          "failing": false,
          "failureDetails": [],
          "failureMessages": [],
          "fullName": "API Routes Route Structure should have users route mounted",
          "invocations": 1,
          "location": null,
          "numPassingAsserts": 2,
          "retryReasons": [],
          "startAt": 1757952636612,
          "status": "passed",
          "title": "should have users route mounted"
        },
        {
          "ancestorTitles": ["API Routes", "Route Structure"],
          "duration": 13,
          "failing": false,
          "failureDetails": [],
          "failureMessages": [],
          "fullName": "API Routes Route Structure should handle unsupported methods gracefully",
          "invocations": 1,
          "location": null,
          "numPassingAsserts": 0,
          "retryReasons": [],
          "startAt": 1757952636615,
          "status": "passed",
          "title": "should handle unsupported methods gracefully"
        },
        {
          "ancestorTitles": ["API Routes", "Route Structure"],
          "duration": 11,
          "failing": false,
          "failureDetails": [],
          "failureMessages": [],
          "fullName": "API Routes Route Structure should handle DELETE requests as unsupported",
          "invocations": 1,
          "location": null,
          "numPassingAsserts": 0,
          "retryReasons": [],
          "startAt": 1757952636628,
          "status": "passed",
          "title": "should handle DELETE requests as unsupported"
        },
        {
          "ancestorTitles": ["API Routes", "Route Structure"],
          "duration": 9,
          "failing": false,
          "failureDetails": [],
          "failureMessages": [],
          "fullName": "API Routes Route Structure should handle PATCH requests as unsupported",
          "invocations": 1,
          "location": null,
          "numPassingAsserts": 0,
          "retryReasons": [],
          "startAt": 1757952636640,
          "status": "passed",
          "title": "should handle PATCH requests as unsupported"
        },
        {
          "ancestorTitles": ["API Routes", "Content Type Handling"],
          "duration": 16,
          "failing": false,
          "failureDetails": [],
          "failureMessages": [],
          "fullName": "API Routes Content Type Handling should handle JSON content type",
          "invocations": 1,
          "location": null,
          "numPassingAsserts": 1,
          "retryReasons": [],
          "startAt": 1757952636650,
          "status": "passed",
          "title": "should handle JSON content type"
        },
        {
          "ancestorTitles": ["API Routes", "Content Type Handling"],
          "duration": 16,
          "failing": false,
          "failureDetails": [],
          "failureMessages": [],
          "fullName": "API Routes Content Type Handling should handle requests without explicit content type",
          "invocations": 1,
          "location": null,
          "numPassingAsserts": 1,
          "retryReasons": [],
          "startAt": 1757952636666,
          "status": "passed",
          "title": "should handle requests without explicit content type"
        },
        {
          "ancestorTitles": ["API Routes", "Route Parameters"],
          "duration": 10,
          "failing": false,
          "failureDetails": [],
          "failureMessages": [],
          "fullName": "API Routes Route Parameters should handle routes without parameters",
          "invocations": 1,
          "location": null,
          "numPassingAsserts": 1,
          "retryReasons": [],
          "startAt": 1757952636682,
          "status": "passed",
          "title": "should handle routes without parameters"
        },
        {
          "ancestorTitles": ["API Routes", "Route Parameters"],
          "duration": 13,
          "failing": false,
          "failureDetails": [],
          "failureMessages": [],
          "fullName": "API Routes Route Parameters should not interfere with user route parameters",
          "invocations": 1,
          "location": null,
          "numPassingAsserts": 1,
          "retryReasons": [],
          "startAt": 1757952636692,
          "status": "passed",
          "title": "should not interfere with user route parameters"
        },
        {
          "ancestorTitles": ["API Routes", "Error Handling"],
          "duration": 13,
          "failing": false,
          "failureDetails": [],
          "failureMessages": [],
          "fullName": "API Routes Error Handling should propagate errors from user routes",
          "invocations": 1,
          "location": null,
          "numPassingAsserts": 1,
          "retryReasons": [],
          "startAt": 1757952636706,
          "status": "passed",
          "title": "should propagate errors from user routes"
        }
      ],
      "endTime": 1757952636723,
      "message": "",
      "name": "C:\\Users\\DELL 7450\\Finance4All\\backend\\src\\__tests__\\routes\\routes.test.ts",
      "startTime": 1757952626454,
      "status": "passed",
      "summary": ""
    },
    {
      "assertionResults": [
        {
          "ancestorTitles": ["RegisterClerkUserUseCaseImpl"],
          "duration": 163,
          "failing": false,
          "failureDetails": [],
          "failureMessages": [],
          "fullName": "RegisterClerkUserUseCaseImpl registers a new user when not existing and sends confirmation email",
          "invocations": 1,
          "location": null,
          "numPassingAsserts": 5,
          "retryReasons": [],
          "startAt": 1757952636527,
          "status": "passed",
          "title": "registers a new user when not existing and sends confirmation email"
        },
        {
          "ancestorTitles": ["RegisterClerkUserUseCaseImpl"],
          "duration": 39,
          "failing": false,
          "failureDetails": [],
          "failureMessages": [],
          "fullName": "RegisterClerkUserUseCaseImpl throws when email already exists",
          "invocations": 1,
          "location": null,
          "numPassingAsserts": 1,
          "retryReasons": [],
          "startAt": 1757952636691,
          "status": "passed",
          "title": "throws when email already exists"
        },
        {
          "ancestorTitles": ["RegisterClerkUserUseCaseImpl"],
          "duration": 20,
          "failing": false,
          "failureDetails": [],
          "failureMessages": [],
          "fullName": "RegisterClerkUserUseCaseImpl throws when clerkId already exists",
          "invocations": 1,
          "location": null,
          "numPassingAsserts": 1,
          "retryReasons": [],
          "startAt": 1757952636730,
          "status": "passed",
          "title": "throws when clerkId already exists"
        }
      ],
      "endTime": 1757952636753,
      "message": "",
      "name": "C:\\Users\\DELL 7450\\Finance4All\\backend\\src\\__tests__\\domain\\RegisterClerkUserUseCaseImpl.test.ts",
      "startTime": 1757952626387,
      "status": "passed",
      "summary": ""
    },
    {
      "assertionResults": [
        {
          "ancestorTitles": ["PrismaClient"],
          "duration": 11,
          "failing": false,
          "failureDetails": [],
          "failureMessages": [],
          "fullName": "PrismaClient should have user property",
          "invocations": 1,
          "location": null,
          "numPassingAsserts": 1,
          "retryReasons": [],
          "startAt": 1757952636892,
          "status": "passed",
          "title": "should have user property"
        }
      ],
      "endTime": 1757952636905,
      "message": "",
      "name": "C:\\Users\\DELL 7450\\Finance4All\\backend\\src\\__tests__\\infrastructure\\database\\prismaClient.test.ts",
      "startTime": 1757952626488,
      "status": "passed",
      "summary": ""
    },
    {
      "assertionResults": [
        {
          "ancestorTitles": ["App Integration Tests", "Health Check"],
          "duration": 84,
          "failing": false,
          "failureDetails": [],
          "failureMessages": [],
          "fullName": "App Integration Tests Health Check should return health status",
          "invocations": 1,
          "location": null,
          "numPassingAsserts": 1,
          "retryReasons": [],
          "startAt": 1757952636685,
          "status": "passed",
          "title": "should return health status"
        },
        {
          "ancestorTitles": ["App Integration Tests", "Health Check"],
          "duration": 13,
          "failing": false,
          "failureDetails": [],
          "failureMessages": [],
          "fullName": "App Integration Tests Health Check should return valid timestamp format",
          "invocations": 1,
          "location": null,
          "numPassingAsserts": 2,
          "retryReasons": [],
          "startAt": 1757952636770,
          "status": "passed",
          "title": "should return valid timestamp format"
        },
        {
          "ancestorTitles": ["App Integration Tests", "API Routes"],
          "duration": 12,
          "failing": false,
          "failureDetails": [],
          "failureMessages": [],
          "fullName": "App Integration Tests API Routes should handle API test route",
          "invocations": 1,
          "location": null,
          "numPassingAsserts": 1,
          "retryReasons": [],
          "startAt": 1757952636783,
          "status": "passed",
          "title": "should handle API test route"
        },
        {
          "ancestorTitles": ["App Integration Tests", "API Routes"],
          "duration": 8,
          "failing": false,
          "failureDetails": [],
          "failureMessages": [],
          "fullName": "App Integration Tests API Routes should use default API version when not set",
          "invocations": 1,
          "location": null,
          "numPassingAsserts": 1,
          "retryReasons": [],
          "startAt": 1757952636795,
          "status": "passed",
          "title": "should use default API version when not set"
        },
        {
          "ancestorTitles": ["App Integration Tests", "CORS Configuration"],
          "duration": 8,
          "failing": false,
          "failureDetails": [],
          "failureMessages": [],
          "fullName": "App Integration Tests CORS Configuration should handle CORS preflight requests",
          "invocations": 1,
          "location": null,
          "numPassingAsserts": 0,
          "retryReasons": [],
          "startAt": 1757952636803,
          "status": "passed",
          "title": "should handle CORS preflight requests"
        },
        {
          "ancestorTitles": ["App Integration Tests", "CORS Configuration"],
          "duration": 7,
          "failing": false,
          "failureDetails": [],
          "failureMessages": [],
          "fullName": "App Integration Tests CORS Configuration should include CORS headers in responses",
          "invocations": 1,
          "location": null,
          "numPassingAsserts": 1,
          "retryReasons": [],
          "startAt": 1757952636811,
          "status": "passed",
          "title": "should include CORS headers in responses"
        },
        {
          "ancestorTitles": ["App Integration Tests", "Middleware Integration"],
          "duration": 29,
          "failing": false,
          "failureDetails": [],
          "failureMessages": [],
          "fullName": "App Integration Tests Middleware Integration should parse JSON requests",
          "invocations": 1,
          "location": null,
          "numPassingAsserts": 1,
          "retryReasons": [],
          "startAt": 1757952636818,
          "status": "passed",
          "title": "should parse JSON requests"
        },
        {
          "ancestorTitles": ["App Integration Tests", "Middleware Integration"],
          "duration": 13,
          "failing": false,
          "failureDetails": [],
          "failureMessages": [],
          "fullName": "App Integration Tests Middleware Integration should handle URL-encoded data",
          "invocations": 1,
          "location": null,
          "numPassingAsserts": 1,
          "retryReasons": [],
          "startAt": 1757952636847,
          "status": "passed",
          "title": "should handle URL-encoded data"
        },
        {
          "ancestorTitles": ["App Integration Tests", "Middleware Integration"],
          "duration": 6,
          "failing": false,
          "failureDetails": [],
          "failureMessages": [],
          "fullName": "App Integration Tests Middleware Integration should include security headers from helmet",
          "invocations": 1,
          "location": null,
          "numPassingAsserts": 2,
          "retryReasons": [],
          "startAt": 1757952636860,
          "status": "passed",
          "title": "should include security headers from helmet"
        },
        {
          "ancestorTitles": ["App Integration Tests", "404 Handler"],
          "duration": 7,
          "failing": false,
          "failureDetails": [],
          "failureMessages": [],
          "fullName": "App Integration Tests 404 Handler should return 404 for unknown routes",
          "invocations": 1,
          "location": null,
          "numPassingAsserts": 1,
          "retryReasons": [],
          "startAt": 1757952636866,
          "status": "passed",
          "title": "should return 404 for unknown routes"
        },
        {
          "ancestorTitles": ["App Integration Tests", "404 Handler"],
          "duration": 7,
          "failing": false,
          "failureDetails": [],
          "failureMessages": [],
          "fullName": "App Integration Tests 404 Handler should return 404 for unknown API routes",
          "invocations": 1,
          "location": null,
          "numPassingAsserts": 1,
          "retryReasons": [],
          "startAt": 1757952636873,
          "status": "passed",
          "title": "should return 404 for unknown API routes"
        },
        {
          "ancestorTitles": ["App Integration Tests", "Error Handling"],
          "duration": 6,
          "failing": false,
          "failureDetails": [],
          "failureMessages": [],
          "fullName": "App Integration Tests Error Handling should handle errors with error middleware",
          "invocations": 1,
          "location": null,
          "numPassingAsserts": 1,
          "retryReasons": [],
          "startAt": 1757952636880,
          "status": "passed",
          "title": "should handle errors with error middleware"
        },
        {
          "ancestorTitles": ["App Integration Tests", "Environment Configuration"],
          "duration": 5,
          "failing": false,
          "failureDetails": [],
          "failureMessages": [],
          "fullName": "App Integration Tests Environment Configuration should handle different NODE_ENV values",
          "invocations": 1,
          "location": null,
          "numPassingAsserts": 1,
          "retryReasons": [],
          "startAt": 1757952636886,
          "status": "passed",
          "title": "should handle different NODE_ENV values"
        },
        {
          "ancestorTitles": ["App Integration Tests", "Environment Configuration"],
          "duration": 6,
          "failing": false,
          "failureDetails": [],
          "failureMessages": [],
          "fullName": "App Integration Tests Environment Configuration should handle missing environment variables gracefully",
          "invocations": 1,
          "location": null,
          "numPassingAsserts": 2,
          "retryReasons": [],
          "startAt": 1757952636892,
          "status": "passed",
          "title": "should handle missing environment variables gracefully"
        },
        {
          "ancestorTitles": ["App Integration Tests", "Request Logging"],
          "duration": 8,
          "failing": false,
          "failureDetails": [],
          "failureMessages": [],
          "fullName": "App Integration Tests Request Logging should not break when logging is enabled in development",
          "invocations": 1,
          "location": null,
          "numPassingAsserts": 1,
          "retryReasons": [],
          "startAt": 1757952636898,
          "status": "passed",
          "title": "should not break when logging is enabled in development"
        }
      ],
      "endTime": 1757952636909,
      "message": "",
      "name": "C:\\Users\\DELL 7450\\Finance4All\\backend\\src\\__tests__\\app.integration.test.ts",
      "startTime": 1757952626191,
      "status": "passed",
      "summary": ""
    },
    {
      "assertionResults": [
        {
          "ancestorTitles": ["Index"],
          "duration": 7,
          "failing": false,
          "failureDetails": [],
          "failureMessages": [],
          "fullName": "Index should be defined",
          "invocations": 1,
          "location": null,
          "numPassingAsserts": 1,
          "retryReasons": [],
          "startAt": 1757952636867,
          "status": "passed",
          "title": "should be defined"
        },
        {
          "ancestorTitles": ["Index"],
          "duration": 34,
          "failing": false,
          "failureDetails": [],
          "failureMessages": [],
          "fullName": "Index should have a health check endpoint",
          "invocations": 1,
          "location": null,
          "numPassingAsserts": 2,
          "retryReasons": [],
          "startAt": 1757952636875,
          "status": "passed",
          "title": "should have a health check endpoint"
        },
        {
          "ancestorTitles": ["Index"],
          "duration": 7,
          "failing": false,
          "failureDetails": [],
          "failureMessages": [],
          "fullName": "Index should have a 404 handler",
          "invocations": 1,
          "location": null,
          "numPassingAsserts": 2,
          "retryReasons": [],
          "startAt": 1757952636909,
          "status": "passed",
          "title": "should have a 404 handler"
        }
      ],
      "endTime": 1757952636917,
      "message": "",
      "name": "C:\\Users\\DELL 7450\\Finance4All\\backend\\src\\__tests__\\index.test.ts",
      "startTime": 1757952626354,
      "status": "passed",
      "summary": ""
    },
    {
      "assertionResults": [
        {
          "ancestorTitles": ["User Routes (Clerk)", "POST /users/register"],
          "duration": 862,
          "failing": false,
          "failureDetails": [],
          "failureMessages": [],
          "fullName": "User Routes (Clerk) POST /users/register should call clerkUserController.register method",
          "invocations": 1,
          "location": null,
          "numPassingAsserts": 1,
          "retryReasons": [],
          "startAt": 1757952636082,
          "status": "passed",
          "title": "should call clerkUserController.register method"
        },
        {
          "ancestorTitles": ["User Routes (Clerk)", "POST /users/register"],
          "duration": 12,
          "failing": false,
          "failureDetails": [],
          "failureMessages": [],
          "fullName": "User Routes (Clerk) POST /users/register should handle validation errors",
          "invocations": 1,
          "location": null,
          "numPassingAsserts": 1,
          "retryReasons": [],
          "startAt": 1757952636945,
          "status": "passed",
          "title": "should handle validation errors"
        },
        {
          "ancestorTitles": ["User Routes (Clerk)", "POST /users/register"],
          "duration": 11,
          "failing": false,
          "failureDetails": [],
          "failureMessages": [],
          "fullName": "User Routes (Clerk) POST /users/register should handle missing required fields",
          "invocations": 1,
          "location": null,
          "numPassingAsserts": 1,
          "retryReasons": [],
          "startAt": 1757952636957,
          "status": "passed",
          "title": "should handle missing required fields"
        },
        {
          "ancestorTitles": ["User Routes (Clerk)", "POST /users/register"],
          "duration": 10,
          "failing": false,
          "failureDetails": [],
          "failureMessages": [],
          "fullName": "User Routes (Clerk) POST /users/register should handle empty request body",
          "invocations": 1,
          "location": null,
          "numPassingAsserts": 1,
          "retryReasons": [],
          "startAt": 1757952636968,
          "status": "passed",
          "title": "should handle empty request body"
        },
        {
          "ancestorTitles": ["User Routes (Clerk)", "POST /users/register"],
          "duration": 10,
          "failing": false,
          "failureDetails": [],
          "failureMessages": [],
          "fullName": "User Routes (Clerk) POST /users/register should handle server errors",
          "invocations": 1,
          "location": null,
          "numPassingAsserts": 1,
          "retryReasons": [],
          "startAt": 1757952636978,
          "status": "passed",
          "title": "should handle server errors"
        },
        {
          "ancestorTitles": ["User Routes (Clerk)", "Route Configuration"],
          "duration": 2,
          "failing": false,
          "failureDetails": [],
          "failureMessages": [],
          "fullName": "User Routes (Clerk) Route Configuration should have the correct route configured",
          "invocations": 1,
          "location": null,
          "numPassingAsserts": 1,
          "retryReasons": [],
          "startAt": 1757952636989,
          "status": "passed",
          "title": "should have the correct route configured"
        },
        {
          "ancestorTitles": ["User Routes (Clerk)", "Route Configuration"],
          "duration": 8,
          "failing": false,
          "failureDetails": [],
          "failureMessages": [],
          "fullName": "User Routes (Clerk) Route Configuration should handle unsupported HTTP methods",
          "invocations": 1,
          "location": null,
          "numPassingAsserts": 0,
          "retryReasons": [],
          "startAt": 1757952636991,
          "status": "passed",
          "title": "should handle unsupported HTTP methods"
        },
        {
          "ancestorTitles": ["User Routes (Clerk)", "Route Configuration"],
          "duration": 5,
          "failing": false,
          "failureDetails": [],
          "failureMessages": [],
          "fullName": "User Routes (Clerk) Route Configuration should handle PUT requests as unsupported",
          "invocations": 1,
          "location": null,
          "numPassingAsserts": 0,
          "retryReasons": [],
          "startAt": 1757952637000,
          "status": "passed",
          "title": "should handle PUT requests as unsupported"
        },
        {
          "ancestorTitles": ["User Routes (Clerk)", "Route Configuration"],
          "duration": 5,
          "failing": false,
          "failureDetails": [],
          "failureMessages": [],
          "fullName": "User Routes (Clerk) Route Configuration should handle DELETE requests as unsupported",
          "invocations": 1,
          "location": null,
          "numPassingAsserts": 0,
          "retryReasons": [],
          "startAt": 1757952637005,
          "status": "passed",
          "title": "should handle DELETE requests as unsupported"
        }
      ],
      "endTime": 1757952637012,
      "message": "",
      "name": "C:\\Users\\DELL 7450\\Finance4All\\backend\\src\\__tests__\\infrastructure\\web\\routes\\user.routes.test.ts",
      "startTime": 1757952626410,
      "status": "passed",
      "summary": ""
    }
  ],
  "wasInterrupted": false
}
